2023-11-16T22:08:46.080+02:00  INFO 40124 --- [main] c.T.TaskManger.TaskMangerApplication     : Starting TaskMangerApplication using Java 21.0.1 with PID 40124 (C:\Users\Vlad\IdeaProjects\TaskManger\target\classes started by Vlad in C:\Users\Vlad\IdeaProjects\TaskManger)
2023-11-16T22:08:46.082+02:00  INFO 40124 --- [main] c.T.TaskManger.TaskMangerApplication     : No active profile set, falling back to 1 default profile: "default"
2023-11-16T22:08:48.533+02:00  INFO 40124 --- [main] .s.d.r.c.RepositoryConfigurationDelegate : Bootstrapping Spring Data JPA repositories in DEFAULT mode.
2023-11-16T22:08:48.854+02:00  INFO 40124 --- [main] .s.d.r.c.RepositoryConfigurationDelegate : Finished Spring Data repository scanning in 284 ms. Found 4 JPA repository interfaces.
2023-11-16T22:08:50.745+02:00  INFO 40124 --- [main] o.s.b.w.embedded.tomcat.TomcatWebServer  : Tomcat initialized with port(s): 8080 (http)
2023-11-16T22:08:50.795+02:00  INFO 40124 --- [main] o.apache.catalina.core.StandardService   : Starting service [Tomcat]
2023-11-16T22:08:50.795+02:00  INFO 40124 --- [main] o.apache.catalina.core.StandardEngine    : Starting Servlet engine: [Apache Tomcat/10.1.15]
2023-11-16T22:08:50.933+02:00  INFO 40124 --- [main] o.a.c.c.C.[Tomcat].[localhost].[/]       : Initializing Spring embedded WebApplicationContext
2023-11-16T22:08:50.934+02:00  INFO 40124 --- [main] w.s.c.ServletWebServerApplicationContext : Root WebApplicationContext: initialization completed in 4773 ms
2023-11-16T22:08:51.028+02:00  WARN 40124 --- [main] ConfigServletWebServerApplicationContext : Exception encountered during context initialization - cancelling refresh attempt: org.springframework.beans.factory.UnsatisfiedDependencyException: Error creating bean with name 'dataSourceScriptDatabaseInitializer' defined in class path resource [org/springframework/boot/autoconfigure/sql/init/DataSourceInitializationConfiguration.class]: Unsatisfied dependency expressed through method 'dataSourceScriptDatabaseInitializer' parameter 0: Error creating bean with name 'dataSource' defined in class path resource [org/springframework/boot/autoconfigure/jdbc/DataSourceConfiguration$Hikari.class]: Failed to instantiate [com.zaxxer.hikari.HikariDataSource]: Factory method 'dataSource' threw exception with message: Failed to determine a suitable driver class
2023-11-16T22:08:51.032+02:00  INFO 40124 --- [main] o.apache.catalina.core.StandardService   : Stopping service [Tomcat]
2023-11-16T22:08:51.089+02:00  INFO 40124 --- [main] .s.b.a.l.ConditionEvaluationReportLogger : 

Error starting ApplicationContext. To display the condition evaluation report re-run your application with 'debug' enabled.
2023-11-16T22:08:51.122+02:00 ERROR 40124 --- [main] o.s.b.d.LoggingFailureAnalysisReporter   : 

***************************
APPLICATION FAILED TO START
***************************

Description:

Failed to configure a DataSource: 'url' attribute is not specified and no embedded datasource could be configured.

Reason: Failed to determine a suitable driver class


Action:

Consider the following:
	If you want an embedded database (H2, HSQL or Derby), please put it on the classpath.
	If you have database settings to be loaded from a particular profile you may need to activate it (no profiles are currently active).

